<?xml version="1.0" encoding="UTF-8"?>
<testng-results ignored="0" total="1" passed="1" failed="0" skipped="0">
  <reporter-output>
  </reporter-output>
  <suite started-at="2023-12-27T15:10:23 IST" name="Suite" finished-at="2023-12-27T15:10:42 IST" duration-ms="19178">
    <groups>
    </groups>
    <test started-at="2023-12-27T15:10:23 IST" name="Test" finished-at="2023-12-27T15:10:42 IST" duration-ms="19178">
      <class name="selenium_jenkins_exercise2.ForgotPass">
        <test-method signature="verifyLogin()[pri:0, instance:selenium_jenkins_exercise2.ForgotPass@4fb3ee4e]" started-at="2023-12-27T15:10:23 IST" name="verifyLogin" finished-at="2023-12-27T15:10:42 IST" duration-ms="19125" status="PASS">
          <reporter-output>
          </reporter-output>
        </test-method> <!-- verifyLogin -->
      </class> <!-- selenium_jenkins_exercise2.ForgotPass -->
    </test> <!-- Test -->
  </suite> <!-- Suite -->
</testng-results>
